# JRE version: OpenJDK Runtime Environment Zulu11.41+23-CA (11.0.8+10) (build 11.0.8+10-LTS)
# Java VM: OpenJDK 64-Bit Server VM Zulu11.41+23-CA (11.0.8+10-LTS, mixed mode, tiered, compressed oops, g1 gc, linux-amd64)
Heap:
 garbage-first heap   total 126976K, used 23978K [0x0000000085200000, 0x0000000100000000)
  region size 1024K, 16 young (16384K), 4 survivors (4096K)
 Metaspace       used 31414K, capacity 32811K, committed 33024K, reserved 1077248K
  class space    used 4012K, capacity 4601K, committed 4608K, reserved 1048576K
GC Heap History (6 events):
Event: 0,742 GC heap before
{Heap before GC invocations=0 (full 0):
 garbage-first heap   total 126976K, used 14336K [0x0000000085200000, 0x0000000100000000)
  region size 1024K, 14 young (14336K), 0 survivors (0K)
 Metaspace       used 11307K, capacity 11667K, committed 11904K, reserved 1060864K
  class space    used 1216K, capacity 1355K, committed 1408K, reserved 1048576K
}
Event: 0,749 GC heap after
{Heap after GC invocations=1 (full 0):
 garbage-first heap   total 126976K, used 2264K [0x0000000085200000, 0x0000000100000000)
  region size 1024K, 2 young (2048K), 2 survivors (2048K)
 Metaspace       used 11307K, capacity 11667K, committed 11904K, reserved 1060864K
  class space    used 1216K, capacity 1355K, committed 1408K, reserved 1048576K
}
Event: 1,590 GC heap before
{Heap before GC invocations=1 (full 0):
 garbage-first heap   total 126976K, used 16600K [0x0000000085200000, 0x0000000100000000)
  region size 1024K, 17 young (17408K), 2 survivors (2048K)
 Metaspace       used 20491K, capacity 21095K, committed 21248K, reserved 1067008K
  class space    used 2479K, capacity 2760K, committed 2816K, reserved 1048576K
}
Event: 1,603 GC heap after
{Heap after GC invocations=2 (full 0):
 garbage-first heap   total 126976K, used 6718K [0x0000000085200000, 0x0000000100000000)
  region size 1024K, 7 young (7168K), 7 survivors (7168K)
 Metaspace       used 20491K, capacity 21095K, committed 21248K, reserved 1067008K
  class space    used 2479K, capacity 2760K, committed 2816K, reserved 1048576K
}
Event: 5,093 GC heap before
{Heap before GC invocations=3 (full 0):
 garbage-first heap   total 126976K, used 27198K [0x0000000085200000, 0x0000000100000000)
  region size 1024K, 26 young (26624K), 7 survivors (7168K)
 Metaspace       used 30126K, capacity 31491K, committed 31744K, reserved 1077248K
  class space    used 3985K, capacity 4552K, committed 4608K, reserved 1048576K
}
Event: 5,111 GC heap after
{Heap after GC invocations=4 (full 0):
 garbage-first heap   total 126976K, used 12714K [0x0000000085200000, 0x0000000100000000)
  region size 1024K, 4 young (4096K), 4 survivors (4096K)
 Metaspace       used 30126K, capacity 31491K, committed 31744K, reserved 1077248K
  class space    used 3985K, capacity 4552K, committed 4608K, reserved 1048576K
}

