# JRE version: OpenJDK Runtime Environment Zulu15.28+13-CA (15.0.1+8) (build 15.0.1+8)
# Java VM: OpenJDK 64-Bit Server VM Zulu15.28+13-CA (15.0.1+8, mixed mode, tiered, compressed oops, g1 gc, linux-amd64)
GC Precious Log:
 CPUs: 4 total, 4 available
 Memory: 7862M
 Large Page Support: Disabled
 NUMA Support: Disabled
 Compressed Oops: Enabled (32-bit)
 Heap Region Size: 1M
 Heap Min Capacity: 8M
 Heap Initial Capacity: 124M
 Heap Max Capacity: 1966M
 Pre-touch: Disabled
 Parallel Workers: 4
 Concurrent Workers: 1
 Concurrent Refinement Workers: 4
 Periodic GC: Disabled
Heap:
 garbage-first heap   total 77824K, used 27541K [0x0000000085200000, 0x0000000100000000)
  region size 1024K, 14 young (14336K), 1 survivors (1024K)
 Metaspace       used 33336K, capacity 33652K, committed 34048K, reserved 1079296K
  class space    used 4129K, capacity 4273K, committed 4352K, reserved 1048576K
GC Heap History (10 events):
Event: 0,687 GC heap before
{Heap before GC invocations=0 (full 0):
 garbage-first heap   total 126976K, used 12288K [0x0000000085200000, 0x0000000100000000)
  region size 1024K, 13 young (13312K), 0 survivors (0K)
 Metaspace       used 13626K, capacity 13912K, committed 14080K, reserved 1062912K
  class space    used 1422K, capacity 1499K, committed 1536K, reserved 1048576K
}
Event: 0,691 GC heap after
{Heap after GC invocations=1 (full 0):
 garbage-first heap   total 126976K, used 2574K [0x0000000085200000, 0x0000000100000000)
  region size 1024K, 2 young (2048K), 2 survivors (2048K)
 Metaspace       used 13626K, capacity 13912K, committed 14080K, reserved 1062912K
  class space    used 1422K, capacity 1499K, committed 1536K, reserved 1048576K
}
Event: 1,179 GC heap before
{Heap before GC invocations=1 (full 0):
 garbage-first heap   total 126976K, used 12814K [0x0000000085200000, 0x0000000100000000)
  region size 1024K, 13 young (13312K), 2 survivors (2048K)
 Metaspace       used 20748K, capacity 20942K, committed 21248K, reserved 1069056K
  class space    used 2357K, capacity 2451K, committed 2560K, reserved 1048576K
}
Event: 1,187 GC heap after
{Heap after GC invocations=2 (full 0):
 garbage-first heap   total 126976K, used 6418K [0x0000000085200000, 0x0000000100000000)
  region size 1024K, 3 young (3072K), 3 survivors (3072K)
 Metaspace       used 20748K, capacity 20942K, committed 21248K, reserved 1069056K
  class space    used 2357K, capacity 2451K, committed 2560K, reserved 1048576K
}
Event: 1,728 GC heap before
{Heap before GC invocations=3 (full 0):
 garbage-first heap   total 27648K, used 19730K [0x0000000085200000, 0x0000000100000000)
  region size 1024K, 16 young (16384K), 3 survivors (3072K)
 Metaspace       used 27534K, capacity 27881K, committed 28288K, reserved 1073152K
  class space    used 3483K, capacity 3614K, committed 3712K, reserved 1048576K
}
Event: 1,737 GC heap after
{Heap after GC invocations=4 (full 0):
 garbage-first heap   total 27648K, used 9058K [0x0000000085200000, 0x0000000100000000)
  region size 1024K, 2 young (2048K), 2 survivors (2048K)
 Metaspace       used 27534K, capacity 27881K, committed 28288K, reserved 1073152K
  class space    used 3483K, capacity 3614K, committed 3712K, reserved 1048576K
}
Event: 1,994 GC heap before
{Heap before GC invocations=5 (full 0):
 garbage-first heap   total 27648K, used 16226K [0x0000000085200000, 0x0000000100000000)
  region size 1024K, 9 young (9216K), 2 survivors (2048K)
 Metaspace       used 29038K, capacity 29359K, committed 29696K, reserved 1075200K
  class space    used 3690K, capacity 3807K, committed 3840K, reserved 1048576K
}
Event: 2,000 GC heap after
{Heap after GC invocations=6 (full 0):
 garbage-first heap   total 27648K, used 11224K [0x0000000085200000, 0x0000000100000000)
  region size 1024K, 2 young (2048K), 2 survivors (2048K)
 Metaspace       used 29038K, capacity 29359K, committed 29696K, reserved 1075200K
  class space    used 3690K, capacity 3807K, committed 3840K, reserved 1048576K
}
Event: 2,301 GC heap before
{Heap before GC invocations=6 (full 0):
 garbage-first heap   total 27648K, used 19416K [0x0000000085200000, 0x0000000100000000)
  region size 1024K, 8 young (8192K), 2 survivors (2048K)
 Metaspace       used 30796K, capacity 31081K, committed 31488K, reserved 1077248K
  class space    used 3866K, capacity 3975K, committed 4096K, reserved 1048576K
}
Event: 2,307 GC heap after
{Heap after GC invocations=7 (full 0):
 garbage-first heap   total 77824K, used 15253K [0x0000000085200000, 0x0000000100000000)
  region size 1024K, 1 young (1024K), 1 survivors (1024K)
 Metaspace       used 30796K, capacity 31081K, committed 31488K, reserved 1077248K
  class space    used 3866K, capacity 3975K, committed 4096K, reserved 1048576K
}

